2025-08-19 12:25:46,507 - INFO - Logger initialized. Logfile: output/logs/generate_sim_config.log
2025-08-19 12:25:46,507 - INFO - CLI args: {'etl_csv': './etl/output/csv/tickets_prs_merged.csv', 'fit_csv': './etl/output/csv/fit_summary.csv', 'created_col': 'fields.created', 'window_start': '2024-01-01', 'window_end': '2025-01-01', 'default_p_dev': 0.2, 'default_p_test': 0.15, 'review_rounds_col': 'review_rounds', 'review_flag_col': 'review_rework_flag', 'ci_fail_fix_col': 'ci_failed_then_fix', 'sim_duration_days': 365.0, 'n_devs': 3, 'n_testers': 2, 'config_out': 'simulation/config.py'}
2025-08-19 12:25:46,507 - INFO - Reading ETL: ./etl/output/csv/tickets_prs_merged.csv
2025-08-19 12:26:08,168 - INFO - Logger initialized. Logfile: output/logs/generate_sim_config.log
2025-08-19 12:26:08,169 - INFO - CLI args: {'etl_csv': './output/csv/tickets_prs_merged.csv', 'fit_csv': './output/csv/fit_summary.csv', 'created_col': 'fields.created', 'window_start': '2024-01-01', 'window_end': '2025-01-01', 'default_p_dev': 0.2, 'default_p_test': 0.15, 'review_rounds_col': 'review_rounds', 'review_flag_col': 'review_rework_flag', 'ci_fail_fix_col': 'ci_failed_then_fix', 'sim_duration_days': 365.0, 'n_devs': 3, 'n_testers': 2, 'config_out': 'simulation/config.py'}
2025-08-19 12:26:08,169 - INFO - Reading ETL: ./output/csv/tickets_prs_merged.csv
2025-08-19 12:26:32,182 - INFO - Logger initialized. Logfile: output/logs/generate_sim_config.log
2025-08-19 12:26:32,183 - INFO - CLI args: {'etl_csv': '../output/csv/tickets_prs_merged.csv', 'fit_csv': '../output/csv/fit_summary.csv', 'created_col': 'fields.created', 'window_start': '2024-01-01', 'window_end': '2025-01-01', 'default_p_dev': 0.2, 'default_p_test': 0.15, 'review_rounds_col': 'review_rounds', 'review_flag_col': 'review_rework_flag', 'ci_fail_fix_col': 'ci_failed_then_fix', 'sim_duration_days': 365.0, 'n_devs': 3, 'n_testers': 2, 'config_out': 'simulation/config.py'}
2025-08-19 12:26:32,183 - INFO - Reading ETL: ../output/csv/tickets_prs_merged.csv
2025-08-19 12:26:57,531 - INFO - Logger initialized. Logfile: output/logs/generate_sim_config.log
2025-08-19 12:26:57,532 - INFO - CLI args: {'etl_csv': '../etl/output/csv/tickets_prs_merged.csv', 'fit_csv': '../etl/output/csv/fit_summary.csv', 'created_col': 'fields.created', 'window_start': '2024-01-01', 'window_end': '2025-01-01', 'default_p_dev': 0.2, 'default_p_test': 0.15, 'review_rounds_col': 'review_rounds', 'review_flag_col': 'review_rework_flag', 'ci_fail_fix_col': 'ci_failed_then_fix', 'sim_duration_days': 365.0, 'n_devs': 3, 'n_testers': 2, 'config_out': 'simulation/config.py'}
2025-08-19 12:26:57,532 - INFO - Reading ETL: ../etl/output/csv/tickets_prs_merged.csv
2025-08-19 12:26:57,563 - WARNING - No arrivals in requested window [2024-01-01, 2025-01-01). Falling back to dataset-wide window.
2025-08-19 12:26:57,563 - INFO - Fallback window [2009-04-01, 2017-10-18): n=960, days=3122, λ=0.307495/day
2025-08-19 12:26:57,587 - WARNING - Could not estimate FEEDBACK_P_DEV from ETL; using default=0.2000
2025-08-19 12:26:57,587 - WARNING - Could not estimate FEEDBACK_P_TEST from ETL; using default=0.1500
2025-08-19 12:26:57,588 - INFO - Reading fit_summary: ../etl/output/csv/fit_summary.csv
2025-08-19 12:26:57,589 - INFO - Stage 'development' -> weibull_min {"c": NaN, "scale": NaN, "loc": NaN}
2025-08-19 12:26:57,589 - INFO - Stage 'review' -> lognorm {"s": NaN, "scale": NaN, "loc": NaN}
2025-08-19 12:26:57,589 - INFO - Stage 'testing' -> weibull_min {"c": NaN, "scale": NaN, "loc": NaN}
2025-08-19 12:26:57,589 - INFO - Using dev_review fit: weibull_min {"c": NaN, "scale": NaN, "loc": NaN}
2025-08-19 12:26:57,589 - INFO - Using testing    fit: weibull_min {"c": NaN, "scale": NaN, "loc": NaN}
2025-08-19 12:26:57,589 - INFO - Configuration written: simulation/config.py
2025-08-19 12:26:57,589 - INFO - Done. Inspect simulation/config.py and logs for details.
