2025-08-01 11:46:14,424 - ERROR - Failed to load input CSV: [Errno 2] No such file or directory: '/mnt/data/tickets_prs_merged.csv'
2025-08-01 11:50:23,178 - INFO - === PMCSN BookKeeper Parameter Estimation Started ===
2025-08-01 11:50:23,257 - INFO - Loaded dataset: ./output/csv/tickets_prs_merged.csv (960 rows)
2025-08-01 11:50:23,264 - INFO - Parsed dates in column 'created'.
2025-08-01 11:50:23,268 - INFO - Estimated arrival rate (tickets/hour): 0.01280
2025-08-01 11:50:23,268 - WARNING - Cannot compute dev_review duration: missing columns 'dev_review_start' or 'dev_review_end'.
2025-08-01 11:50:23,269 - WARNING - Cannot compute test duration: missing columns 'test_start' or 'test_end'.
2025-08-01 11:50:23,269 - WARNING - Missing column 'review_feedback_count' for feedback calculation.
2025-08-01 11:50:23,269 - WARNING - Missing column 'test_feedback_count' for feedback calculation.
2025-08-01 11:50:23,269 - WARNING - Missing column 'reopened_count' for feedback calculation.
2025-08-01 11:50:23,269 - WARNING - Cannot compute resolution time (missing columns).
2025-08-01 11:50:23,269 - WARNING - Cannot plot backlog (missing date columns).
2025-08-01 11:50:23,269 - WARNING - Cannot compute feedback iterations (missing columns).
2025-08-01 11:50:23,269 - WARNING - Cannot compute throughput (missing 'closed').
2025-08-01 11:50:23,269 - WARNING - Cannot estimate utilization (missing data).
2025-08-01 11:50:23,271 - INFO - Parameter estimates and key metrics saved to CSV.
2025-08-01 11:50:23,271 - INFO - === Parameter estimation and metrics computation complete ===
2025-08-01 12:10:40,253 - INFO - Caricato dataset: ./output/csv/tickets_prs_merged.csv (960 righe)
2025-08-01 12:10:40,256 - INFO - Colonna 'created' convertita a datetime.
2025-08-01 12:10:40,259 - INFO - Tasso di arrivo stimato (ticket/ora): 0.01280
2025-08-01 12:10:40,259 - WARNING - Mancano colonne 'dev_review_start' o 'dev_review_end' per 'dev_review'.
2025-08-01 12:10:40,259 - WARNING - Mancano colonne 'test_start' o 'test_end' per 'test'.
2025-08-01 12:10:40,259 - WARNING - Colonna 'review_feedback_count' mancante per feedback review.
2025-08-01 12:10:40,259 - WARNING - Colonna 'test_feedback_count' mancante per feedback test.
2025-08-01 12:10:40,259 - WARNING - Colonna 'reopened_count' mancante per feedback reopen.
2025-08-01 12:10:40,259 - WARNING - Impossibile calcolare la resolution time: colonne mancanti.
2025-08-01 12:10:40,259 - WARNING - Impossibile plottare backlog: colonne data mancanti.
2025-08-01 12:10:40,259 - WARNING - Impossibile calcolare iterazioni feedback: colonne mancanti.
2025-08-01 12:10:40,259 - WARNING - Impossibile calcolare throughput: colonna 'closed' mancante.
2025-08-01 12:10:40,259 - WARNING - Impossibile stimare utilization: dati mancanti.
2025-08-01 12:10:40,261 - INFO - Parametri e metriche salvati in ./output/csv/parameter_estimates.csv
2025-08-01 12:10:40,261 - INFO - === STIMA PARAMETRI COMPLETATA ===
2025-08-01 12:19:44,390 - INFO - Caricato dataset: ./output/csv/tickets_prs_merged.csv (960 righe)
2025-08-01 12:19:44,392 - INFO - Colonna 'fields.created' convertita a datetime.
2025-08-01 12:19:44,393 - INFO - Colonna 'fields.resolutiondate' convertita a datetime.
2025-08-01 12:19:44,396 - INFO - Tasso di arrivo stimato (ticket/ora): 0.01280
2025-08-01 12:19:44,400 - INFO - Resolution time media: 5177.49 h, mediana: 507.64 h
2025-08-01 12:19:45,048 - INFO - Grafico backlog nel tempo salvato.
2025-08-01 12:19:45,051 - INFO - Throughput medio mensile: 11.83 ticket/mese
2025-08-01 12:19:45,051 - INFO - Reopen rate stimato: 0.003
2025-08-01 12:19:45,052 - INFO - Suddivisione ticket per tipo:
fields.issuetype.name
Bug              494
Improvement      217
Sub-task         142
New Feature       54
Task              27
Test              12
Wish               7
Documentation      5
Story              2
Name: count, dtype: int64
2025-08-01 12:19:45,054 - INFO - Parametri chiave salvati in ./output/csv/parameter_estimates.csv
2025-08-01 12:19:45,054 - INFO - === ESTRAZIONE PARAMETRI COMPLETATA ===
2025-08-19 11:33:19,942 - INFO - === START 5_estimate_parameters.py ===
2025-08-19 11:33:20,003 - INFO - Caricato dataset: ./output/csv/tickets_prs_merged.csv (n=960)
2025-08-19 11:33:20,006 - INFO - Colonna 'fields.created' convertita a datetime.
2025-08-19 11:33:20,008 - INFO - Colonna 'fields.resolutiondate' convertita a datetime.
2025-08-19 11:33:20,013 - INFO - Tasso di arrivo stimato: 0.307249 ticket/giorno
2025-08-19 11:33:20,014 - INFO - Resolution time globale: mean=215.73 d | median=21.15 d
2025-08-19 11:33:21,086 - INFO - Grafico backlog nel tempo salvato in ./output/png/backlog_over_time.png
2025-08-19 11:33:21,088 - INFO - Throughput medio mensile: 11.83 ticket/mese
2025-08-19 11:33:21,093 - INFO - Esportate durate per fase in ./output/csv/phase_durations_wide.csv
2025-08-19 11:33:21,101 - INFO - Statistiche per fase salvate in ./output/csv/phase_summary_stats.csv
               phase  count  nan_share     mean_d  median_d      std_d    p25_d     p75_d    min_d       max_d
   dev_duration_days    196   0.795833 148.359325  0.702512 378.235210 0.006111 49.737358 0.000509 2268.083160
review_duration_days    196   0.795833  35.045957  9.241672 103.347291 1.359031 37.982266 0.012338 1342.365648
  test_duration_days    118   0.877083  10.709216  0.000469  44.510149 0.000107  0.003484 0.000000  302.359375
2025-08-19 11:33:21,102 - INFO - Parametri chiave salvati in ./output/csv/parameter_estimates.csv
2025-08-19 11:33:21,102 - INFO - === END 5_estimate_parameters.py ===
2025-08-19 12:01:23,899 - INFO - Caricato dataset: ./output/csv/tickets_prs_merged.csv (960)
2025-08-19 12:01:23,902 - INFO - Colonna 'fields.created' convertita a datetime (naive).
2025-08-19 12:01:23,903 - INFO - Colonna 'fields.resolutiondate' convertita a datetime (naive).
2025-08-19 12:01:23,907 - INFO - Tasso di arrivo stimato: 0.307249 ticket/giorno
2025-08-19 12:01:23,908 - INFO - Resolution time: mean=215.73 d | median=21.15 d
2025-08-19 12:01:24,984 - INFO - Grafico backlog nel tempo salvato in ./output/png/backlog_over_time.png
2025-08-19 12:01:25,008 - INFO - Throughput medio mensile: 11.83 ticket/mese
2025-08-19 12:01:25,012 - INFO - Esportate durate per fase in ./output/csv/phase_durations_wide.csv
2025-08-19 12:01:25,019 - INFO - Statistiche per fase salvate in ./output/csv/phase_summary_stats.csv
               phase  count  nan_share     mean_d  median_d      std_d    p25_d     p75_d    min_d       max_d
   dev_duration_days    196   0.795833 148.359325  0.702512 378.235210 0.006111 49.737358 0.000509 2268.083160
review_duration_days    196   0.795833  35.045957  9.241672 103.347291 1.359031 37.982266 0.012338 1342.365648
  test_duration_days    118   0.877083  10.709216  0.000469  44.510149 0.000107  0.003484 0.000000  302.359375
2025-08-19 12:01:25,020 - INFO - Parametri chiave salvati in ./output/csv/parameter_estimates.csv
2025-08-19 12:01:25,020 - INFO - === ESTRAZIONE PARAMETRI COMPLETATA ===
2025-08-19 12:17:17,176 - INFO - Caricato dataset: ./output/csv/tickets_prs_merged.csv (960)
2025-08-19 12:17:17,179 - INFO - Colonna 'fields.created' convertita a datetime (naive).
2025-08-19 12:17:17,180 - INFO - Colonna 'fields.resolutiondate' convertita a datetime (naive).
2025-08-19 12:17:17,184 - INFO - Tasso di arrivo stimato: 0.307249 ticket/giorno
2025-08-19 12:17:17,185 - INFO - Resolution time: mean=215.73 d | median=21.15 d
2025-08-19 12:17:18,399 - INFO - Grafico backlog nel tempo salvato in ./output/png/backlog_over_time.png
2025-08-19 12:17:18,427 - INFO - Throughput medio mensile: 11.83 ticket/mese
2025-08-19 12:17:18,431 - INFO - Esportate durate per fase in ./output/csv/phase_durations_wide.csv
2025-08-19 12:17:18,440 - INFO - Statistiche per fase salvate in ./output/csv/phase_summary_stats.csv
               phase  count  nan_share     mean_d  median_d      std_d    p25_d     p75_d    min_d       max_d
   dev_duration_days    196   0.795833 148.359325  0.702512 378.235210 0.006111 49.737358 0.000509 2268.083160
review_duration_days    196   0.795833  35.045957  9.241672 103.347291 1.359031 37.982266 0.012338 1342.365648
  test_duration_days    118   0.877083  10.709216  0.000469  44.510149 0.000107  0.003484 0.000000  302.359375
2025-08-19 12:17:18,441 - INFO - Parametri chiave salvati in ./output/csv/parameter_estimates.csv
2025-08-19 12:17:18,441 - INFO - === ESTRAZIONE PARAMETRI COMPLETATA ===
