2025-08-19 12:17:47,001 - INFO - Logger initialized. Logfile: output/logs/export_fit_summary.log
2025-08-19 12:17:47,002 - INFO - Reading input CSV: ./etl/output/csv/distribution_fit_stats.csv
2025-08-19 12:17:47,002 - ERROR - Input file does not exist: ./etl/output/csv/distribution_fit_stats.csv
2025-08-19 12:19:34,224 - INFO - Logger initialized. Logfile: output/logs/export_fit_summary.log
2025-08-19 12:19:34,224 - INFO - Reading input CSV: ./output/csv/distribution_fit_stats.csv
2025-08-19 12:19:34,226 - INFO - Parsing Parametri field into numeric lists …
2025-08-19 12:19:34,230 - INFO - Winner: Lognormale (MAE=3.83073e-05) params=[0.1516685, -1042.86549, 1069.60329]
2025-08-19 12:19:34,232 - INFO - fit_summary.csv saved: ./output/csv/fit_summary.csv
2025-08-19 12:24:56,460 - INFO - === INIZIO EXPORT FIT SUMMARY (per-stage) ===
2025-08-19 12:24:56,463 - INFO - Caricato ./output/csv/distribution_fit_stats_development.csv (4 righe)
2025-08-19 12:24:56,466 - INFO - WINNER [development]: Weibull | params=None | MAE=0.000052 | KS_p=3.573e-44 | AIC=3284.051039700318 | BIC=3293.885383678009
2025-08-19 12:24:56,467 - INFO - Caricato ./output/csv/distribution_fit_stats_review.csv (4 righe)
2025-08-19 12:24:56,470 - INFO - WINNER [review]: Lognormale | params=None | MAE=0.000036 | KS_p=7.737e-21 | AIC=2068.291979018956 | BIC=2078.126322996647
2025-08-19 12:24:56,471 - INFO - Caricato ./output/csv/distribution_fit_stats_testing.csv (4 righe)
2025-08-19 12:24:56,473 - INFO - WINNER [testing]: Weibull | params=None | MAE=0.000192 | KS_p=7.439e-28 | AIC=1587.253736967646 | BIC=1595.565790841043
2025-08-19 12:24:56,475 - INFO - Salvato fit_summary in ./output/csv/fit_summary.csv
2025-08-19 12:24:56,479 - INFO - === EXPORT FIT SUMMARY COMPLETATO ===
2025-08-19 19:29:02,964 - INFO - Logger ready. Logfile: /Users/og/PycharmProjects/BK_ASF/etl/output/logs/export_fit_summary.log
2025-08-19 19:29:02,966 - INFO - Input CSV : /Users/og/PycharmProjects/BK_ASF/etl/output/csv/distribution_fit_stats.csv
2025-08-19 19:29:02,966 - INFO - Output CSV: /Users/og/PycharmProjects/BK_ASF/etl/output/csv/fit_summary.csv
2025-08-19 19:29:02,966 - INFO - Stages    : dev_review,testing
2025-08-19 19:29:02,975 - INFO - Loaded distribution_fit_stats: rows=4 cols=10
2025-08-19 19:29:02,992 - INFO - Winner: Distribuzione=Lognormale | MAE_KDE_PDF=3.83073e-05 | AIC=14400.320615835186 | BIC=14414.684150782115 | Params=[0.151668487, -1042.86559, 1069.60338]
2025-08-19 19:29:02,997 - INFO - fit_summary.csv saved: /Users/og/PycharmProjects/BK_ASF/etl/output/csv/fit_summary.csv | rows=2
2025-12-07 15:22:47,686 - INFO - Logger ready. Logfile: /workspace/BK_ASF/etl/output/logs/export_fit_summary.log
2025-12-07 15:22:47,687 - INFO - Base dir  : etl/output/csv
2025-12-07 15:22:47,688 - INFO - Output CSV: etl/output/csv/fit_summary.csv
2025-12-07 15:22:47,688 - INFO - Stages    : dev,review,testing
2025-12-07 15:22:47,688 - INFO - [Stage: dev] Using CSV: etl/output/csv/distribution_fit_stats_dev_duration_days.csv
2025-12-07 15:22:47,692 - INFO - [Stage: dev] Loaded distribution_fit_stats: rows=4 cols=11
2025-12-07 15:22:47,696 - INFO - [Stage: dev] Winner: Distribuzione=Weibull | MAE_KDE_PDF=5.24729e-05 | AIC=3284.051030286721 | BIC=3293.885374264412 | Params=[2.13046983, -279.07055412, 335.38112967]
2025-12-07 15:22:47,696 - INFO - [Stage: review] Using CSV: etl/output/csv/distribution_fit_stats_review.csv
2025-12-07 15:22:47,698 - INFO - [Stage: review] Loaded distribution_fit_stats: rows=4 cols=10
2025-12-07 15:22:47,701 - INFO - [Stage: review] Winner: Distribuzione=Lognormale | MAE_KDE_PDF=3.61083e-05 | AIC=2068.2919738787323 | BIC=2078.126317856424 | Params=[0.24601912, -168.41875397, 186.30272449]
2025-12-07 15:22:47,701 - INFO - [Stage: testing] Using CSV: etl/output/csv/distribution_fit_stats_testing.csv
2025-12-07 15:22:47,703 - INFO - [Stage: testing] Loaded distribution_fit_stats: rows=4 cols=10
2025-12-07 15:22:47,705 - INFO - [Stage: testing] Winner: Distribuzione=Weibull | MAE_KDE_PDF=0.000191989 | AIC=1587.2537220624042 | BIC=1595.5657759358012 | Params=[2.39611186, -37.89737413, 44.13777317]
2025-12-07 15:22:47,708 - INFO - fit_summary.csv saved: etl/output/csv/fit_summary.csv | rows=3
